build/app/intermediates/manifest_merge_blame_file/debug/manifest-merger-blame-debug-report.txt
1<?xml version="1.0" encoding="utf-8"?>
2<manifest xmlns:android="http://schemas.android.com/apk/res/android"
3    package="com.mycompany.testweb"
4    android:versionCode="1"
5    android:versionName="1.0.0" >
6
7    <uses-sdk
8        android:minSdkVersion="21"
9        android:targetSdkVersion="34" />
10    <!--
11         Flutter needs it to communicate with the running application
12         to allow setting breakpoints, to provide hot reload, etc.
13    -->
14    <uses-permission android:name="android.permission.INTERNET" />
14-->src/main/AndroidManifest.xml:4:5-66
14-->src/main/AndroidManifest.xml:4:22-64
15
16    <permission
16-->[androidx.core:core:1.10.1] AndroidManifest.xml:22:5-24:47
17        android:name="com.mycompany.testweb.DYNAMIC_RECEIVER_NOT_EXPORTED_PERMISSION"
17-->[androidx.core:core:1.10.1] AndroidManifest.xml:23:9-81
18        android:protectionLevel="signature" />
18-->[androidx.core:core:1.10.1] AndroidManifest.xml:24:9-44
19
20    <uses-permission android:name="com.mycompany.testweb.DYNAMIC_RECEIVER_NOT_EXPORTED_PERMISSION" />
20-->[androidx.core:core:1.10.1] AndroidManifest.xml:26:5-97
20-->[androidx.core:core:1.10.1] AndroidManifest.xml:26:22-94
21
22    <application
22-->src/main/AndroidManifest.xml:7:5-61:19
23        android:appComponentFactory="androidx.core.app.CoreComponentFactory"
23-->[androidx.core:core:1.10.1] AndroidManifest.xml:28:18-86
24        android:debuggable="true"
25        android:icon="@mipmap/ic_launcher"
25-->src/main/AndroidManifest.xml:10:9-43
26        android:label="TestWeb"
26-->src/main/AndroidManifest.xml:8:9-32
27        android:requestLegacyExternalStorage="true" >
27-->src/main/AndroidManifest.xml:11:9-52
28        <activity
28-->src/main/AndroidManifest.xml:13:9-51:20
29            android:name="com.mycompany.testweb.MainActivity"
29-->src/main/AndroidManifest.xml:14:13-41
30            android:configChanges="orientation|keyboardHidden|keyboard|screenSize|smallestScreenSize|locale|layoutDirection|fontScale|screenLayout|density|uiMode"
30-->src/main/AndroidManifest.xml:18:13-163
31            android:exported="true"
31-->src/main/AndroidManifest.xml:15:13-36
32            android:hardwareAccelerated="true"
32-->src/main/AndroidManifest.xml:19:13-47
33            android:launchMode="singleTop"
33-->src/main/AndroidManifest.xml:16:13-43
34            android:theme="@style/LaunchTheme"
34-->src/main/AndroidManifest.xml:17:13-47
35            android:windowSoftInputMode="adjustResize" >
35-->src/main/AndroidManifest.xml:20:13-55
36
37            <!--
38                 Specifies an Android theme to apply to this Activity as soon as
39                 the Android process has started. This theme is visible to the user
40                 while the Flutter UI initializes. After that, this theme continues
41                 to determine the Window background behind the Flutter UI.
42            -->
43            <meta-data
43-->src/main/AndroidManifest.xml:25:13-28:17
44                android:name="io.flutter.embedding.android.NormalTheme"
44-->src/main/AndroidManifest.xml:26:15-70
45                android:resource="@style/NormalTheme" />
45-->src/main/AndroidManifest.xml:27:15-52
46            <!--
47                 Displays an Android View that continues showing the launch screen
48                 Drawable until Flutter paints its first frame, then this splash
49                 screen fades out. A splash screen is useful to avoid any visual
50                 gap between the end of Android's launch screen and the painting of
51                 Flutter's first frame.
52            -->
53            <meta-data
53-->src/main/AndroidManifest.xml:34:13-37:17
54                android:name="io.flutter.embedding.android.SplashScreenDrawable"
54-->src/main/AndroidManifest.xml:35:15-79
55                android:resource="@drawable/launch_background" />
55-->src/main/AndroidManifest.xml:36:15-61
56
57            <intent-filter>
57-->src/main/AndroidManifest.xml:38:13-41:29
58                <action android:name="android.intent.action.MAIN" />
58-->src/main/AndroidManifest.xml:39:17-68
58-->src/main/AndroidManifest.xml:39:25-66
59
60                <category android:name="android.intent.category.LAUNCHER" />
60-->src/main/AndroidManifest.xml:40:17-76
60-->src/main/AndroidManifest.xml:40:27-74
61            </intent-filter>
62            <!-- Deep linking -->
63            <meta-data
63-->src/main/AndroidManifest.xml:43:13-90
64                android:name="flutter_deeplinking_enabled"
64-->src/main/AndroidManifest.xml:43:24-66
65                android:value="true" />
65-->src/main/AndroidManifest.xml:43:67-87
66
67            <intent-filter android:autoVerify="true" >
67-->src/main/AndroidManifest.xml:44:13-49:29
67-->src/main/AndroidManifest.xml:44:28-53
68                <action android:name="android.intent.action.VIEW" />
68-->src/main/AndroidManifest.xml:45:17-69
68-->src/main/AndroidManifest.xml:45:25-66
69
70                <category android:name="android.intent.category.DEFAULT" />
70-->src/main/AndroidManifest.xml:46:17-76
70-->src/main/AndroidManifest.xml:46:27-73
71                <category android:name="android.intent.category.BROWSABLE" />
71-->src/main/AndroidManifest.xml:47:17-78
71-->src/main/AndroidManifest.xml:47:27-75
72
73                <data
73-->src/main/AndroidManifest.xml:48:17-77
74                    android:host="testweb.com"
74-->src/main/AndroidManifest.xml:48:48-74
75                    android:scheme="testweb" />
75-->src/main/AndroidManifest.xml:48:23-47
76            </intent-filter>
77        </activity>
78
79        <!--
80             Don't delete the meta-data below.
81             This is used by the Flutter tool to generate GeneratedPluginRegistrant.java
82        -->
83        <meta-data
83-->src/main/AndroidManifest.xml:55:9-57:33
84            android:name="flutterEmbedding"
84-->src/main/AndroidManifest.xml:56:13-44
85            android:value="2" />
85-->src/main/AndroidManifest.xml:57:13-30
86
87        <activity
87-->[:url_launcher_android] AndroidManifest.xml:10:9-13:74
88            android:name="io.flutter.plugins.urllauncher.WebViewActivity"
88-->[:url_launcher_android] AndroidManifest.xml:11:13-74
89            android:exported="false"
89-->[:url_launcher_android] AndroidManifest.xml:12:13-37
90            android:theme="@android:style/Theme.NoTitleBar.Fullscreen" />
90-->[:url_launcher_android] AndroidManifest.xml:13:13-71
91
92        <uses-library
92-->[androidx.window:window:1.0.0-beta04] AndroidManifest.xml:25:9-27:40
93            android:name="androidx.window.extensions"
93-->[androidx.window:window:1.0.0-beta04] AndroidManifest.xml:26:13-54
94            android:required="false" />
94-->[androidx.window:window:1.0.0-beta04] AndroidManifest.xml:27:13-37
95        <uses-library
95-->[androidx.window:window:1.0.0-beta04] AndroidManifest.xml:28:9-30:40
96            android:name="androidx.window.sidecar"
96-->[androidx.window:window:1.0.0-beta04] AndroidManifest.xml:29:13-51
97            android:required="false" />
97-->[androidx.window:window:1.0.0-beta04] AndroidManifest.xml:30:13-37
98    </application>
99
100</manifest>